20221231	23:30:58	29b7e760-6a46-4716-8f4f-6877ad569360	Error: secretOrPrivateKey must have a value	POST	/auth	http://localhost:3000
20221231	23:32:07	f0259787-dc23-474b-b3dd-5a0546453e78	Error: secretOrPrivateKey must have a value	POST	/auth	http://localhost:3000
20230102	06:54:44	21b912af-c576-4fb8-bba8-a3fccde08ab2	SyntaxError: Unexpected string in JSON at position 38	PUT	/resume	undefined
20230102	06:54:53	06b74519-f475-41b2-8846-d280b7af1e9a	SyntaxError: Unexpected string in JSON at position 38	PUT	/resume	undefined
20230102	06:55:11	7da7e6ac-9870-4a2f-8221-e4f4c74ac83a	ReferenceError: Cannot access 'Resume' before initialization	POST	/resume	undefined
20230103	05:54:00	3012a401-f150-4441-b90d-7f361d46694a	ReferenceError: Cannot access 'Resume' before initialization	POST	/resume	undefined
20230103	05:55:36	3a4e9127-cb5d-4581-8d17-2a64addab996	ReferenceError: Cannot access 'Resume' before initialization	POST	/resume	undefined
20230103	06:00:46	d5e4bded-da19-4ce5-a58b-413a1e0a2aa4	ReferenceError: Cannot access 'resume' before initialization	POST	/resume	undefined
20230103	06:02:13	2e85e407-8d9d-4161-aa28-47a716b6f180	TypeError: Assignment to constant variable.	POST	/resume	undefined
20230103	06:03:39	ad8b7fd6-40d8-4dfa-9b5a-64285e507452	ValidationError: Resume validation failed: date: Path `date` is required., resume: Path `resume` is required.	POST	/resume	undefined
20230103	06:04:27	2858532f-d750-4323-ae13-ec8223a33a0b	ValidationError: Resume validation failed: date: Path `date` is required., resume: Path `resume` is required.	POST	/resume	undefined
20230103	06:11:26	e5601e67-58a4-466d-bde9-5860d4c9ae67	ValidationError: Resume validation failed: date: Path `date` is required., resume: Path `resume` is required.	POST	/resume	undefined
20230103	06:12:19	59a17fab-b07b-4a39-81d0-d318208d334e	ValidationError: Resume validation failed: date: Path `date` is required.	POST	/resume	undefined
20230103	06:13:49	b2588727-6677-47a4-8175-e8d248820953	ValidationError: Resume validation failed: date: Path `date` is required.	POST	/resume	undefined
20230103	06:14:06	efe7b3b0-e19b-4972-9493-aebb0d8675a6	SyntaxError: Unexpected number in JSON at position 122	POST	/resume	undefined
20230103	06:14:20	5947f8a2-f061-49cd-8739-8a4a14163198	ValidationError: Resume validation failed: date: Path `date` is required.	POST	/resume	undefined
20230103	06:18:02	3820652c-2299-4580-8130-2736c96c347b	ValidationError: Resume validation failed: date: Path `date` is required.	POST	/resume	undefined
20230103	06:18:58	f8229ea6-bab4-457b-a085-c2573a8954ec	ValidationError: Resume validation failed: date: Path `date` is required.	POST	/resume	undefined
20230103	06:18:59	058f28f7-4146-4140-9589-dde06d17a643	ValidationError: Resume validation failed: date: Path `date` is required.	POST	/resume	undefined
20230103	06:19:00	cb3eb090-0d88-406b-9583-8e9b22bbab16	ValidationError: Resume validation failed: date: Path `date` is required.	POST	/resume	undefined
20230103	06:19:01	79806ef4-da37-47f3-87f7-0a615a21b639	ValidationError: Resume validation failed: date: Path `date` is required.	POST	/resume	undefined
20230103	06:20:45	3000c10b-eee8-4a45-ab3f-7411cb7d88ce	ValidationError: Resume validation failed: date: Path `date` is required.	POST	/resume	undefined
20230103	06:20:49	36eb044e-f20f-451b-b1ef-77d7fc2f6dd7	ValidationError: Resume validation failed: date: Path `date` is required., resumess: Path `resumess` is required.	POST	/resume	undefined
20230103	06:21:06	ff22897e-5a34-4c3f-935c-97c847e45bdb	ValidationError: Resume validation failed: date: Path `date` is required.	POST	/resume	undefined
20230103	06:21:10	d17df7a8-22c8-4899-8950-bb5a3520a87e	ValidationError: Resume validation failed: date: Path `date` is required.	POST	/resume	undefined
20230103	06:21:11	83f0bf42-7c9a-4d72-a986-3ee4b012280f	ValidationError: Resume validation failed: date: Path `date` is required.	POST	/resume	undefined
20230103	06:21:18	1ac4c909-8578-4a40-8ac8-fa728f0b407d	SyntaxError: Unexpected number in JSON at position 122	POST	/resume	undefined
20230103	06:21:37	1ae7007f-571c-4d17-8ac9-4096d3fcd275	SyntaxError: Unexpected number in JSON at position 123	POST	/resume	undefined
20230103	06:22:56	c72cedb3-d9a2-4cae-b807-bf176025b8c6	ValidationError: Resume validation failed: date: Path `date` is required.	POST	/resume	undefined
20230103	06:22:57	fe5f4e69-08bc-4317-80a3-bec0bd4f68f0	ValidationError: Resume validation failed: date: Path `date` is required.	POST	/resume	undefined
20230103	06:22:58	d5b59b11-2af4-4fb1-9991-e9a99d5a067b	ValidationError: Resume validation failed: date: Path `date` is required.	POST	/resume	undefined
20230103	06:22:58	ebdf3d6c-7eb3-453d-9764-a2046594c0c1	ValidationError: Resume validation failed: date: Path `date` is required.	POST	/resume	undefined
20230103	06:23:00	45e4855f-25f9-4729-b40c-7a20c9a306d1	ValidationError: Resume validation failed: date: Path `date` is required.	POST	/resume	undefined
20230103	06:23:18	fdd84c4f-8f60-48cf-ad6b-cffbebc53ed2	ValidationError: Resume validation failed: date: Path `date` is required.	POST	/resume	undefined
20230103	06:23:19	3d7157a9-976a-4dea-a8f8-ddf0f471f301	ValidationError: Resume validation failed: date: Path `date` is required.	POST	/resume	undefined
20230103	06:23:20	a1f36489-efd0-4d2b-b0c7-3becfed77561	ValidationError: Resume validation failed: date: Path `date` is required.	POST	/resume	undefined
20230103	06:23:31	a4abd470-d338-44b2-a08d-4cdbaa1c5dcf	ValidationError: Resume validation failed: date: Path `date` is required.	POST	/resume	undefined
20230103	06:23:31	0805d83a-0050-41ab-bbbf-ed2f6b285ec8	ValidationError: Resume validation failed: date: Path `date` is required.	POST	/resume	undefined
20230103	06:23:32	83ea6052-2b64-4dff-bf2a-fafbc2e47766	ValidationError: Resume validation failed: date: Path `date` is required.	POST	/resume	undefined
20230103	06:23:33	7bc6c400-a834-4843-b176-cc4d63bd51b1	ValidationError: Resume validation failed: date: Path `date` is required.	POST	/resume	undefined
20230103	06:23:33	502a390c-e8c7-4a4e-bcc7-825fa8dce812	ValidationError: Resume validation failed: date: Path `date` is required.	POST	/resume	undefined
20230103	06:24:07	76c8df45-ad9e-40e6-aa15-64b85a2877b5	ValidationError: Resume validation failed: date: Path `date` is required.	POST	/resume	undefined
20230103	06:24:23	19bbe7f4-0864-4f41-bb25-97714bd5b827	ValidationError: Resume validation failed: date: Path `date` is required.	POST	/resume	undefined
20230103	06:24:24	29388447-a351-4cdc-863a-a759d1e030f1	ValidationError: Resume validation failed: date: Path `date` is required.	POST	/resume	undefined
20230103	06:24:58	a0d304b1-d4d2-4c4e-8e72-feca84f9ddc4	ReferenceError: datef is not defined	POST	/resume	undefined
20230103	06:25:22	5a0a844f-b0bf-421f-bff5-2aadcfcefa19	ValidationError: Resume validation failed: date: Cast to date failed for value "2015-03-25T12:00:002Z" (type string) at path "date"	POST	/resume	undefined
20230103	06:27:14	03224f6d-7b88-4eac-b111-24b2c3e45658	ValidationError: Resume validation failed: date: Cast to date failed for value "2015-03-25T12:00:002Z" (type string) at path "date"	POST	/resume	undefined
20230103	06:27:29	0d4e14e6-80e7-4959-b3d5-6e0314e3d54b	ValidationError: Resume validation failed: date: Cast to date failed for value "2015-03-25T12:00:002Z" (type string) at path "date"	POST	/resume	undefined
20230103	06:27:32	0ed460ce-68da-423a-9573-cdc1556b5252	ValidationError: Resume validation failed: date: Cast to date failed for value "2015-03-25T12:00:002Z" (type string) at path "date"	POST	/resume	undefined
20230103	06:27:33	0ca26674-ecdb-43a1-a2cd-c349635cf317	ValidationError: Resume validation failed: date: Cast to date failed for value "2015-03-25T12:00:002Z" (type string) at path "date"	POST	/resume	undefined
20230103	06:27:45	d64d2e14-7022-4b85-b310-9333d10ddf17	ValidationError: Resume validation failed: date: Path `date` is required.	POST	/resume	undefined
20230103	06:28:16	25cd50e9-1562-4ec6-9d47-fa49daf31b2c	ValidationError: Resume validation failed: date: Cast to date failed for value "NaN" (type number) at path "date"	POST	/resume	undefined
20230103	06:29:14	46b71689-66be-4b8d-8652-dd8cbd4c8ce3	ValidationError: Resume validation failed: date: Cast to date failed for value "NaN" (type number) at path "date"	POST	/resume	undefined
20230103	06:29:15	51bc9a83-4103-421f-89e3-e234dcbcc0cd	ValidationError: Resume validation failed: date: Cast to date failed for value "NaN" (type number) at path "date"	POST	/resume	undefined
20230103	06:29:15	1909d7d7-2ae6-4bf1-86e4-fec2b901c5de	ValidationError: Resume validation failed: date: Cast to date failed for value "NaN" (type number) at path "date"	POST	/resume	undefined
20230103	06:29:16	6222f894-a136-44cd-8d6d-b153ad0bf8f3	ValidationError: Resume validation failed: date: Cast to date failed for value "NaN" (type number) at path "date"	POST	/resume	undefined
20230103	06:30:35	1fa19bef-62c8-40e3-95e3-0ad8479521a0	ValidationError: Resume validation failed: date: Cast to date failed for value "NaN" (type number) at path "date"	POST	/resume	undefined
20230103	06:31:44	3490547a-6c4c-49cb-9603-eb0723fb751f	ValidationError: Resume validation failed: date: Cast to date failed for value "NaN" (type number) at path "date"	POST	/resume	undefined
20230103	06:33:54	083b76ff-9019-4aef-b6b4-b7ff918246a4	ReferenceError: duplicate is not defined	PATCH	/resume	undefined
20230103	21:35:35	4a38e903-cea8-4150-a66a-5e9964112a2c	SyntaxError: Unexpected token } in JSON at position 124	POST	/jobopenings	undefined
20230107	19:00:56	4498075c-9465-491e-984a-b2247dc4933c	ValidationError: Resume validation failed: resumess: Path `resumess` is required.	POST	/resume	http://localhost:3000
20230107	19:05:53	fd4a4159-d4ee-4f4e-96ab-028299c51665	ValidationError: Resume validation failed: resumess: Path `resumess` is required.	POST	/resume	http://localhost:3000
20230107	19:15:11	adfe9331-caae-46ee-80ef-b6f44dc7b1cf	ValidationError: Resume validation failed: resumess: Path `resumess` is required.	POST	/resume	http://localhost:3000
20230107	19:33:41	6afa2551-d2eb-49ed-a22e-78348c111803	ValidationError: Resume validation failed: resumess: Path `resumess` is required.	POST	/resume	http://localhost:3000
20230107	19:39:06	99ae3148-f582-40fd-b4c7-6ee096a19086	ValidationError: Resume validation failed: resumess: Path `resumess` is required.	POST	/resume	http://localhost:3000
20230107	19:48:15	441575bd-ebc8-4a74-ad68-959b7449578b	ValidationError: Resume validation failed: resumess: Path `resumess` is required.	POST	/resume	http://localhost:3000
20230107	19:48:27	0b5debfe-b92f-4021-8be1-9c3672406166	ValidationError: Resume validation failed: resumess: Path `resumess` is required.	POST	/resume	http://localhost:3000
20230107	19:48:41	1ed17a61-caad-4e08-9e90-92e856b6ce4a	ValidationError: Resume validation failed: resumess: Path `resumess` is required.	POST	/resume	http://localhost:3000
20230109	20:01:54	7457a0c5-7a67-4685-8ebd-ff7ce46ec2b7	MongooseServerSelectionError: connection timed out	POST	/auth	http://localhost:3000
20230109	22:13:54	5cccb082-b718-478a-b207-db6eceba73e0	MongooseServerSelectionError: Could not connect to any servers in your MongoDB Atlas cluster. One common reason is that you're trying to access the database from an IP that isn't whitelisted. Make sure your current IP address is on your Atlas cluster's IP whitelist: https://docs.atlas.mongodb.com/security-whitelist/	GET	/jobopenings	http://localhost:3000
20230111	22:30:12	06c69ce3-be91-4356-96f8-e9229027de77	ValidationError: Vacancies validation failed: description: Path `description` is required.	POST	/jobopenings	http://localhost:3000
20230115	20:02:37	60ed0470-df86-4429-996f-aed8edf2c898	ValidationError: Resume validation failed: resumess: Path `resumess` is required.	POST	/resume	http://localhost:3000
20230115	20:03:12	1e172946-9a2b-4302-9b66-145d49e21899	ValidationError: Resume validation failed: resumess: Path `resumess` is required.	POST	/resume	http://localhost:3000
20230115	20:04:02	60eb8d67-63da-4484-ada2-509262d94c9e	ValidationError: Resume validation failed: resumess: Path `resumess` is required.	POST	/resume	http://localhost:3000
20230115	20:04:39	4809d3e9-7c68-490f-b022-25ad807d1927	ValidationError: Resume validation failed: resumess: Path `resumess` is required.	POST	/resume	http://localhost:3000
20230115	20:08:28	85bf054d-0ae5-4271-a5da-1dac3d721eeb	ValidationError: Resume validation failed: resumess: Path `resumess` is required.	POST	/resume	http://localhost:3000
20230115	20:08:53	e1c907d7-50e1-4849-888a-e1f47182a314	ValidationError: Resume validation failed: resumess: Path `resumess` is required.	POST	/resume	http://localhost:3000
20230115	20:10:13	6eb30c8a-c456-4101-9c7e-7ba1fbf102d9	ValidationError: Resume validation failed: resumess: Path `resumess` is required.	POST	/resume	http://localhost:3000
20230115	20:20:07	85b3639e-743a-45aa-944f-cdfc374ed660	MongooseServerSelectionError: Could not connect to any servers in your MongoDB Atlas cluster. One common reason is that you're trying to access the database from an IP that isn't whitelisted. Make sure your current IP address is on your Atlas cluster's IP whitelist: https://docs.atlas.mongodb.com/security-whitelist/	GET	/resume	http://localhost:3000
20230115	20:21:38	d6f0da48-e551-4e53-99b9-e6810f589bd2	MongooseServerSelectionError: Could not connect to any servers in your MongoDB Atlas cluster. One common reason is that you're trying to access the database from an IP that isn't whitelisted. Make sure your current IP address is on your Atlas cluster's IP whitelist: https://docs.atlas.mongodb.com/security-whitelist/	GET	/resume	http://localhost:3000
20230115	20:23:09	9c8ca11b-5ae9-43b4-be76-0aaaac3c223c	MongooseServerSelectionError: Could not connect to any servers in your MongoDB Atlas cluster. One common reason is that you're trying to access the database from an IP that isn't whitelisted. Make sure your current IP address is on your Atlas cluster's IP whitelist: https://docs.atlas.mongodb.com/security-whitelist/	GET	/resume	http://localhost:3000
20230115	20:23:39	a42d4930-d0ee-4951-b5ab-c4899aef9a16	ValidationError: Resume validation failed: resumess: Path `resumess` is required.	POST	/resume	http://localhost:3000
20230115	20:24:03	9554109b-fff8-4529-8f7f-02e5a23a88df	MongooseServerSelectionError: Could not connect to any servers in your MongoDB Atlas cluster. One common reason is that you're trying to access the database from an IP that isn't whitelisted. Make sure your current IP address is on your Atlas cluster's IP whitelist: https://docs.atlas.mongodb.com/security-whitelist/	GET	/resume	http://localhost:3000
20230115	20:24:09	4d8e75aa-872b-4d7a-831f-fba9f7b29277	MongooseServerSelectionError: Could not connect to any servers in your MongoDB Atlas cluster. One common reason is that you're trying to access the database from an IP that isn't whitelisted. Make sure your current IP address is on your Atlas cluster's IP whitelist: https://docs.atlas.mongodb.com/security-whitelist/	GET	/resume	http://localhost:3000
20230115	20:27:41	21782169-a38c-4208-886c-b5eadacc01b6	ValidationError: Resume validation failed: resumess: Path `resumess` is required.	POST	/resume	http://localhost:3000
20230115	20:29:26	d0032af3-3f60-462c-adc9-2d4e109b4bf9	ValidationError: Resume validation failed: resumess: Path `resumess` is required.	POST	/resume	http://localhost:3000
20230115	20:29:51	eb62ad20-5144-45fa-acb3-e6dcf8940004	ValidationError: Resume validation failed: resumess: Path `resumess` is required.	POST	/resume	http://localhost:3000
20230115	20:30:41	0452ef27-7a16-4aae-b344-c7d06cccdec4	ValidationError: Resume validation failed: resumess: Path `resumess` is required.	POST	/resume	http://localhost:3000
20230115	20:31:03	e0ea95f7-7849-478a-9792-a39a20618dab	ValidationError: Resume validation failed: resumess: Path `resumess` is required.	POST	/resume	http://localhost:3000
20230115	20:31:32	4c4bebff-bc8c-451c-bf32-f59e1fccaf4b	ValidationError: Resume validation failed: resumess: Path `resumess` is required.	POST	/resume	http://localhost:3000
20230115	20:32:28	db5337c0-cf7d-424c-bd69-27c85dfb15f3	ValidationError: Resume validation failed: resumess: Path `resumess` is required.	POST	/resume	http://localhost:3000
20230115	20:33:14	e31bb331-366f-4b9d-b53e-9a468900d373	ValidationError: Resume validation failed: resumess: Path `resumess` is required.	POST	/resume	http://localhost:3000
20230115	20:34:27	a2a1c1e6-2f7b-4dcf-8ce1-3a49ba4d6f3b	ValidationError: Resume validation failed: resumess: Path `resumess` is required.	POST	/resume	http://localhost:3000
20230115	21:02:01	266356a6-1cd4-440f-a49f-0ba718d64ea1	ValidationError: Resume validation failed: resumess: Path `resumess` is required.	POST	/resume	http://localhost:3000
20230115	21:03:11	e1886c5e-ebde-4ebd-938c-d929b9c3aca8	ValidationError: Resume validation failed: resumess: Path `resumess` is required.	POST	/resume	http://localhost:3000
20230115	21:04:37	23dcbbc2-14c2-4123-9d68-53f081cd405a	ValidationError: Resume validation failed: resumess: Path `resumess` is required.	POST	/resume	http://localhost:3000
20230115	21:07:35	88f8d115-2807-4a5a-ae31-21ca09cdfe8f	ValidationError: Resume validation failed: resumess: Path `resumess` is required.	POST	/resume	http://localhost:3000
20230115	21:09:42	fb9240da-717e-4d68-b814-3268b673d9c8	ValidationError: Resume validation failed: resumess: Path `resumess` is required.	POST	/resume	http://localhost:3000
20230115	21:10:30	685c76b2-a730-4426-9864-21816d2c1550	ValidationError: Resume validation failed: resumess: Path `resumess` is required.	POST	/resume	http://localhost:3000
20230115	21:10:49	975f322a-ed1f-4925-bd87-32f38961b200	ValidationError: Resume validation failed: resumess: Path `resumess` is required.	POST	/resume	http://localhost:3000
20230116	18:42:34	16afdd62-194a-4911-a861-8c2cdc52a572	ValidationError: Resume validation failed: resumess: Path `resumess` is required.	POST	/resume	http://localhost:3000
20230116	22:30:12	c35c4de2-6f6f-4ed7-9690-2b0d8cd082a9	MongooseServerSelectionError: getaddrinfo ENOTFOUND ac-b6bxbai-shard-00-01.vr1mmvb.mongodb.net	GET	/resume	http://localhost:3000
20230116	22:30:14	369da0c3-a58a-46ec-b586-2961f6f44211	MongooseServerSelectionError: getaddrinfo ENOTFOUND ac-b6bxbai-shard-00-01.vr1mmvb.mongodb.net	GET	/resume	http://localhost:3000
20230116	22:53:04	59273597-fa8f-49b1-a024-7cb76612dbb4	ValidationError: Resume validation failed: resumess: Path `resumess` is required.	POST	/resume	http://localhost:3000
20230116	23:09:49	e3d43e55-9898-42f7-921e-767dafc3a5b9	MongooseServerSelectionError: getaddrinfo ENOTFOUND ac-b6bxbai-shard-00-01.vr1mmvb.mongodb.net	GET	/resume	http://localhost:3000
20230116	23:13:06	93fc91eb-0399-44ff-a6c4-74bdc7c28144	MongoNetworkError: getaddrinfo ENOTFOUND ac-b6bxbai-shard-00-01.vr1mmvb.mongodb.net	GET	/resume	http://localhost:3000
20230116	23:14:36	1cec3d9d-5856-4950-9fe5-38db8c3e924d	MongooseServerSelectionError: Could not connect to any servers in your MongoDB Atlas cluster. One common reason is that you're trying to access the database from an IP that isn't whitelisted. Make sure your current IP address is on your Atlas cluster's IP whitelist: https://docs.atlas.mongodb.com/security-whitelist/	GET	/resume	http://localhost:3000
20230116	23:18:00	caa74f36-e387-45ab-9172-3d60ebc6d396	MongooseServerSelectionError: Could not connect to any servers in your MongoDB Atlas cluster. One common reason is that you're trying to access the database from an IP that isn't whitelisted. Make sure your current IP address is on your Atlas cluster's IP whitelist: https://docs.atlas.mongodb.com/security-whitelist/	GET	/resume	http://localhost:3000
20230116	23:18:09	5e83fc8a-237d-4597-bb11-ee3dfafdefcb	MongooseServerSelectionError: Could not connect to any servers in your MongoDB Atlas cluster. One common reason is that you're trying to access the database from an IP that isn't whitelisted. Make sure your current IP address is on your Atlas cluster's IP whitelist: https://docs.atlas.mongodb.com/security-whitelist/	GET	/resume	http://localhost:3000
20230116	23:19:20	40455362-c149-4fca-bf22-441844bc0c69	MongooseServerSelectionError: connect ETIMEDOUT 40.81.241.159:27017	GET	/resume	http://localhost:3000
20230116	23:25:17	829eb39b-1f14-4f05-adbf-a249b1196f74	MongooseServerSelectionError: Could not connect to any servers in your MongoDB Atlas cluster. One common reason is that you're trying to access the database from an IP that isn't whitelisted. Make sure your current IP address is on your Atlas cluster's IP whitelist: https://docs.atlas.mongodb.com/security-whitelist/	GET	/resume	http://localhost:3000
20230118	21:15:14	08b8199a-a32d-4439-af1a-ffb64569fb03	MongooseServerSelectionError: Could not connect to any servers in your MongoDB Atlas cluster. One common reason is that you're trying to access the database from an IP that isn't whitelisted. Make sure your current IP address is on your Atlas cluster's IP whitelist: https://docs.atlas.mongodb.com/security-whitelist/	GET	/resume	http://localhost:3000
20230118	21:16:26	853ad044-15df-446b-8824-05d2a7c5a181	MongooseServerSelectionError: Could not connect to any servers in your MongoDB Atlas cluster. One common reason is that you're trying to access the database from an IP that isn't whitelisted. Make sure your current IP address is on your Atlas cluster's IP whitelist: https://docs.atlas.mongodb.com/security-whitelist/	GET	/resume	http://localhost:3000
20230118	21:16:27	b8f52711-bafa-4772-a896-dbe29273b950	MongooseServerSelectionError: Could not connect to any servers in your MongoDB Atlas cluster. One common reason is that you're trying to access the database from an IP that isn't whitelisted. Make sure your current IP address is on your Atlas cluster's IP whitelist: https://docs.atlas.mongodb.com/security-whitelist/	GET	/resume	http://localhost:3000
20230118	21:17:58	ec97872f-afbc-4814-a48d-983ed5220663	MongooseServerSelectionError: Could not connect to any servers in your MongoDB Atlas cluster. One common reason is that you're trying to access the database from an IP that isn't whitelisted. Make sure your current IP address is on your Atlas cluster's IP whitelist: https://docs.atlas.mongodb.com/security-whitelist/	GET	/resume	http://localhost:3000
20230118	21:22:41	6d64aaea-a789-42cb-a4f6-66ace2a45dce	MongooseServerSelectionError: Could not connect to any servers in your MongoDB Atlas cluster. One common reason is that you're trying to access the database from an IP that isn't whitelisted. Make sure your current IP address is on your Atlas cluster's IP whitelist: https://docs.atlas.mongodb.com/security-whitelist/	GET	/resume	http://localhost:3000
20230118	21:23:11	ce05502e-ade6-4a31-9b51-f8a568482a53	MongooseServerSelectionError: Could not connect to any servers in your MongoDB Atlas cluster. One common reason is that you're trying to access the database from an IP that isn't whitelisted. Make sure your current IP address is on your Atlas cluster's IP whitelist: https://docs.atlas.mongodb.com/security-whitelist/	GET	/resume	http://localhost:3000
20230118	21:24:12	536849e6-bd07-413d-8cff-02919724192a	MongooseServerSelectionError: Could not connect to any servers in your MongoDB Atlas cluster. One common reason is that you're trying to access the database from an IP that isn't whitelisted. Make sure your current IP address is on your Atlas cluster's IP whitelist: https://docs.atlas.mongodb.com/security-whitelist/	GET	/resume	http://localhost:3000
20230118	21:25:43	68316593-9805-4f9a-9ab2-f75c8bd4ee2f	MongooseServerSelectionError: Could not connect to any servers in your MongoDB Atlas cluster. One common reason is that you're trying to access the database from an IP that isn't whitelisted. Make sure your current IP address is on your Atlas cluster's IP whitelist: https://docs.atlas.mongodb.com/security-whitelist/	GET	/resume	http://localhost:3000
20230118	21:27:14	9c8a7fd8-b018-4a72-a55a-993cfa081991	MongooseServerSelectionError: Could not connect to any servers in your MongoDB Atlas cluster. One common reason is that you're trying to access the database from an IP that isn't whitelisted. Make sure your current IP address is on your Atlas cluster's IP whitelist: https://docs.atlas.mongodb.com/security-whitelist/	GET	/resume	http://localhost:3000
20230118	21:28:45	6b509936-81cb-46ca-89e5-c523abeb94d6	MongooseServerSelectionError: Could not connect to any servers in your MongoDB Atlas cluster. One common reason is that you're trying to access the database from an IP that isn't whitelisted. Make sure your current IP address is on your Atlas cluster's IP whitelist: https://docs.atlas.mongodb.com/security-whitelist/	GET	/resume	http://localhost:3000
20230118	21:29:37	f9f49860-9d03-4b9a-afc7-faa4eff7be38	MongooseServerSelectionError: Could not connect to any servers in your MongoDB Atlas cluster. One common reason is that you're trying to access the database from an IP that isn't whitelisted. Make sure your current IP address is on your Atlas cluster's IP whitelist: https://docs.atlas.mongodb.com/security-whitelist/	GET	/resume	http://localhost:3000
20230118	21:30:49	2c233771-5bd2-43cd-a7da-52b4b65ac4a8	MongooseServerSelectionError: Could not connect to any servers in your MongoDB Atlas cluster. One common reason is that you're trying to access the database from an IP that isn't whitelisted. Make sure your current IP address is on your Atlas cluster's IP whitelist: https://docs.atlas.mongodb.com/security-whitelist/	GET	/resume	http://localhost:3000
20230123	21:03:27	d5f5fe06-acea-422d-88ab-37caa177b3e8	MongoNetworkError: connection 7 to 40.81.241.159:27017 closed	GET	/resume	http://localhost:3000
20230123	21:04:27	5e5cc795-83f0-4810-8a37-3b5f1f5fe036	MongooseServerSelectionError: Could not connect to any servers in your MongoDB Atlas cluster. One common reason is that you're trying to access the database from an IP that isn't whitelisted. Make sure your current IP address is on your Atlas cluster's IP whitelist: https://docs.atlas.mongodb.com/security-whitelist/	GET	/resume	http://localhost:3000
20230123	21:05:59	27d1a90a-9f8a-4288-89ba-c91ffe278a55	MongooseServerSelectionError: Could not connect to any servers in your MongoDB Atlas cluster. One common reason is that you're trying to access the database from an IP that isn't whitelisted. Make sure your current IP address is on your Atlas cluster's IP whitelist: https://docs.atlas.mongodb.com/security-whitelist/	GET	/resume	http://localhost:3000
20230123	21:06:59	d4403f39-d9ef-48df-8295-10a4f54648d2	MongooseServerSelectionError: Could not connect to any servers in your MongoDB Atlas cluster. One common reason is that you're trying to access the database from an IP that isn't whitelisted. Make sure your current IP address is on your Atlas cluster's IP whitelist: https://docs.atlas.mongodb.com/security-whitelist/	GET	/resume	http://localhost:3000
20230123	21:07:00	e3f0741a-3d52-4e67-be4a-2fa7cbfaea0f	MongooseServerSelectionError: Could not connect to any servers in your MongoDB Atlas cluster. One common reason is that you're trying to access the database from an IP that isn't whitelisted. Make sure your current IP address is on your Atlas cluster's IP whitelist: https://docs.atlas.mongodb.com/security-whitelist/	GET	/resume	http://localhost:3000
20230123	21:08:30	218a524f-ad7d-4dc4-a7e7-510c97ce4ecd	MongooseServerSelectionError: Could not connect to any servers in your MongoDB Atlas cluster. One common reason is that you're trying to access the database from an IP that isn't whitelisted. Make sure your current IP address is on your Atlas cluster's IP whitelist: https://docs.atlas.mongodb.com/security-whitelist/	GET	/resume	http://localhost:3000
20230123	21:11:57	644956a7-ac55-4362-9812-23a70edcd29d	MongoNetworkTimeoutError: connection timed out	GET	/resume	http://localhost:3000
20230123	21:12:25	7a453643-4bef-469d-adbb-a9fb776bc1c7	MongooseServerSelectionError: Could not connect to any servers in your MongoDB Atlas cluster. One common reason is that you're trying to access the database from an IP that isn't whitelisted. Make sure your current IP address is on your Atlas cluster's IP whitelist: https://docs.atlas.mongodb.com/security-whitelist/	GET	/resume	http://localhost:3000
20230123	21:12:59	7fc9b29f-b478-4512-9252-8434b6d19a1b	MongoNetworkError: connection 13 to 40.81.241.159:27017 closed	GET	/resume	http://localhost:3000
20230123	21:13:57	9b722f31-26ca-4947-a038-5ac55efc0589	MongoNetworkError: connect ETIMEDOUT 40.81.241.159:27017	GET	/resume	http://localhost:3000
20230123	21:15:50	3e8479fa-6366-40a7-a53c-f76ab291aa0f	MongooseServerSelectionError: Could not connect to any servers in your MongoDB Atlas cluster. One common reason is that you're trying to access the database from an IP that isn't whitelisted. Make sure your current IP address is on your Atlas cluster's IP whitelist: https://docs.atlas.mongodb.com/security-whitelist/	GET	/resume	http://localhost:3000
20230123	21:17:20	b9c8db74-ea70-48b1-8bd3-84f1b3c5ebee	MongooseServerSelectionError: getaddrinfo ENOTFOUND ac-b6bxbai-shard-00-00.vr1mmvb.mongodb.net	GET	/resume	http://localhost:3000
20230128	12:32:41	fbc14492-5e4f-4584-b5e2-b6cc46861ca6	MongooseServerSelectionError: Could not connect to any servers in your MongoDB Atlas cluster. One common reason is that you're trying to access the database from an IP that isn't whitelisted. Make sure your current IP address is on your Atlas cluster's IP whitelist: https://docs.atlas.mongodb.com/security-whitelist/	GET	/resume	http://localhost:3000
20230128	12:33:34	665bdb63-f4eb-47a8-ad81-6e74c8bd6100	MongooseServerSelectionError: Could not connect to any servers in your MongoDB Atlas cluster. One common reason is that you're trying to access the database from an IP that isn't whitelisted. Make sure your current IP address is on your Atlas cluster's IP whitelist: https://docs.atlas.mongodb.com/security-whitelist/	GET	/resume	http://localhost:3000
20230128	12:37:04	65e52d53-cdb3-41d9-bcc7-93894683886a	MongooseServerSelectionError: Could not connect to any servers in your MongoDB Atlas cluster. One common reason is that you're trying to access the database from an IP that isn't whitelisted. Make sure your current IP address is on your Atlas cluster's IP whitelist: https://docs.atlas.mongodb.com/security-whitelist/	GET	/resume	http://localhost:3000
20230128	12:37:58	630ebf7d-e78f-490b-8747-6ce4529d3de1	MongooseServerSelectionError: Could not connect to any servers in your MongoDB Atlas cluster. One common reason is that you're trying to access the database from an IP that isn't whitelisted. Make sure your current IP address is on your Atlas cluster's IP whitelist: https://docs.atlas.mongodb.com/security-whitelist/	GET	/resume	http://localhost:3000
20230128	12:38:30	d147be3f-7cc9-46b2-841e-9793fc1a87b7	MongooseServerSelectionError: Could not connect to any servers in your MongoDB Atlas cluster. One common reason is that you're trying to access the database from an IP that isn't whitelisted. Make sure your current IP address is on your Atlas cluster's IP whitelist: https://docs.atlas.mongodb.com/security-whitelist/	GET	/resume	http://localhost:3000
20230128	12:40:00	da6d8f72-dd78-4e73-abd0-32a69775a355	MongooseServerSelectionError: Could not connect to any servers in your MongoDB Atlas cluster. One common reason is that you're trying to access the database from an IP that isn't whitelisted. Make sure your current IP address is on your Atlas cluster's IP whitelist: https://docs.atlas.mongodb.com/security-whitelist/	GET	/resume	http://localhost:3000
20230128	12:41:31	647e63c9-bd53-4453-b0e6-d6f5d7b5088d	MongooseServerSelectionError: Could not connect to any servers in your MongoDB Atlas cluster. One common reason is that you're trying to access the database from an IP that isn't whitelisted. Make sure your current IP address is on your Atlas cluster's IP whitelist: https://docs.atlas.mongodb.com/security-whitelist/	GET	/resume	http://localhost:3000
20230128	12:43:02	84ab42ab-e892-41d2-83c1-ccfbca6a3000	MongooseServerSelectionError: Could not connect to any servers in your MongoDB Atlas cluster. One common reason is that you're trying to access the database from an IP that isn't whitelisted. Make sure your current IP address is on your Atlas cluster's IP whitelist: https://docs.atlas.mongodb.com/security-whitelist/	GET	/resume	http://localhost:3000
20230128	12:44:31	120b98e3-04a3-4ede-a4f7-d30db2358d1f	MongooseServerSelectionError: Could not connect to any servers in your MongoDB Atlas cluster. One common reason is that you're trying to access the database from an IP that isn't whitelisted. Make sure your current IP address is on your Atlas cluster's IP whitelist: https://docs.atlas.mongodb.com/security-whitelist/	GET	/resume	http://localhost:3000
20230128	12:46:02	ae0d3ee9-1669-49fe-b09f-5696485ff078	MongooseServerSelectionError: Could not connect to any servers in your MongoDB Atlas cluster. One common reason is that you're trying to access the database from an IP that isn't whitelisted. Make sure your current IP address is on your Atlas cluster's IP whitelist: https://docs.atlas.mongodb.com/security-whitelist/	GET	/resume	http://localhost:3000
20230128	12:47:33	4a32393b-1f72-481d-adec-b92ddff917a5	MongooseServerSelectionError: Could not connect to any servers in your MongoDB Atlas cluster. One common reason is that you're trying to access the database from an IP that isn't whitelisted. Make sure your current IP address is on your Atlas cluster's IP whitelist: https://docs.atlas.mongodb.com/security-whitelist/	GET	/resume	http://localhost:3000
20230128	12:49:04	c754531a-9a6d-44e9-97f3-68ee689e1c7d	MongooseServerSelectionError: Could not connect to any servers in your MongoDB Atlas cluster. One common reason is that you're trying to access the database from an IP that isn't whitelisted. Make sure your current IP address is on your Atlas cluster's IP whitelist: https://docs.atlas.mongodb.com/security-whitelist/	GET	/resume	http://localhost:3000
20230128	12:50:35	980adbce-e486-42c1-825d-f5b61cdb50ba	MongooseServerSelectionError: Could not connect to any servers in your MongoDB Atlas cluster. One common reason is that you're trying to access the database from an IP that isn't whitelisted. Make sure your current IP address is on your Atlas cluster's IP whitelist: https://docs.atlas.mongodb.com/security-whitelist/	GET	/resume	http://localhost:3000
20230128	12:52:06	171f9136-1377-411d-99f8-205403d74b94	MongooseServerSelectionError: Could not connect to any servers in your MongoDB Atlas cluster. One common reason is that you're trying to access the database from an IP that isn't whitelisted. Make sure your current IP address is on your Atlas cluster's IP whitelist: https://docs.atlas.mongodb.com/security-whitelist/	GET	/resume	http://localhost:3000
20230128	12:53:37	895596dd-a358-4acc-943f-c3e2683aba8a	MongooseServerSelectionError: Could not connect to any servers in your MongoDB Atlas cluster. One common reason is that you're trying to access the database from an IP that isn't whitelisted. Make sure your current IP address is on your Atlas cluster's IP whitelist: https://docs.atlas.mongodb.com/security-whitelist/	GET	/resume	http://localhost:3000
20230128	13:06:56	b1e38ed6-9564-41c3-862b-3bf0b9399f99	MongooseServerSelectionError: Could not connect to any servers in your MongoDB Atlas cluster. One common reason is that you're trying to access the database from an IP that isn't whitelisted. Make sure your current IP address is on your Atlas cluster's IP whitelist: https://docs.atlas.mongodb.com/security-whitelist/	GET	/resume	http://localhost:3000
20230128	18:52:51	9225065b-d17c-4022-abac-fe18ec163554	MongoNetworkError: connection 4 to 20.40.50.191:27017 closed	GET	/resume	http://localhost:3000
20230128	18:53:11	e68bde06-2864-4a99-ae97-1777096f8a35	MongooseServerSelectionError: Could not connect to any servers in your MongoDB Atlas cluster. One common reason is that you're trying to access the database from an IP that isn't whitelisted. Make sure your current IP address is on your Atlas cluster's IP whitelist: https://docs.atlas.mongodb.com/security-whitelist/	GET	/resume	http://localhost:3000
20230128	18:56:16	f25be015-d022-46ee-bcee-c3a460df818c	MongooseServerSelectionError: Could not connect to any servers in your MongoDB Atlas cluster. One common reason is that you're trying to access the database from an IP that isn't whitelisted. Make sure your current IP address is on your Atlas cluster's IP whitelist: https://docs.atlas.mongodb.com/security-whitelist/	GET	/resume	http://localhost:3000
20230128	18:58:12	821ecf3f-bfc0-4a7f-b782-c4ead616cd90	MongoNetworkError: connection 9 to 20.40.50.191:27017 closed	GET	/resume	http://localhost:3000
20230128	18:58:13	2c64ba5d-a0b1-4c64-ab21-aa725076ef87	MongoNetworkError: connection 10 to 20.40.50.191:27017 closed	GET	/resume	http://localhost:3000
20230128	19:10:37	bf28b415-7fa8-4436-b655-a8dd4399ec7f	MongooseServerSelectionError: Could not connect to any servers in your MongoDB Atlas cluster. One common reason is that you're trying to access the database from an IP that isn't whitelisted. Make sure your current IP address is on your Atlas cluster's IP whitelist: https://docs.atlas.mongodb.com/security-whitelist/	GET	/resume	http://localhost:3000
20230128	19:10:58	cc99a5cb-25ae-43e2-9f1c-febf26f9dc6b	MongooseServerSelectionError: Could not connect to any servers in your MongoDB Atlas cluster. One common reason is that you're trying to access the database from an IP that isn't whitelisted. Make sure your current IP address is on your Atlas cluster's IP whitelist: https://docs.atlas.mongodb.com/security-whitelist/	GET	/resume	http://localhost:3000
20230128	19:12:11	18ec4f71-8f82-4fdb-b91a-06b4e739c211	MongooseServerSelectionError: Could not connect to any servers in your MongoDB Atlas cluster. One common reason is that you're trying to access the database from an IP that isn't whitelisted. Make sure your current IP address is on your Atlas cluster's IP whitelist: https://docs.atlas.mongodb.com/security-whitelist/	GET	/resume	http://localhost:3000
20230128	19:14:08	a67a4896-1df2-4771-9775-07b25b6383ab	MongoNetworkError: getaddrinfo ENOTFOUND ac-b6bxbai-shard-00-02.vr1mmvb.mongodb.net	GET	/resume	http://localhost:3000
20230128	19:15:06	4324c78f-b22a-4091-b5e9-d909c949d5ba	MongooseServerSelectionError: connection <monitor> to 20.193.137.190:27017 timed out	GET	/resume	http://localhost:3000
20230128	19:15:07	3ada132e-e26d-4363-ba9c-b4ee781898b0	MongooseServerSelectionError: Could not connect to any servers in your MongoDB Atlas cluster. One common reason is that you're trying to access the database from an IP that isn't whitelisted. Make sure your current IP address is on your Atlas cluster's IP whitelist: https://docs.atlas.mongodb.com/security-whitelist/	GET	/resume	http://localhost:3000
20230128	19:20:27	243d17cc-1486-4292-a2d8-155b7e0f5c24	MongooseServerSelectionError: connection <monitor> to 20.40.50.191:27017 closed	GET	/resume	http://localhost:3000
20230128	19:21:02	5df3813e-6bf7-4119-b706-f49cf9e5957c	MongooseServerSelectionError: Could not connect to any servers in your MongoDB Atlas cluster. One common reason is that you're trying to access the database from an IP that isn't whitelisted. Make sure your current IP address is on your Atlas cluster's IP whitelist: https://docs.atlas.mongodb.com/security-whitelist/	GET	/resume	http://localhost:3000
20230128	19:21:44	9a923844-4a5b-4df1-a7d7-61c28277428b	MongooseServerSelectionError: getaddrinfo ENOTFOUND ac-b6bxbai-shard-00-01.vr1mmvb.mongodb.net	GET	/resume	http://localhost:3000
20230128	23:17:25	5b41339b-f383-47a5-92f8-15245fa96237	MongooseServerSelectionError: Could not connect to any servers in your MongoDB Atlas cluster. One common reason is that you're trying to access the database from an IP that isn't whitelisted. Make sure your current IP address is on your Atlas cluster's IP whitelist: https://docs.atlas.mongodb.com/security-whitelist/	GET	/resume	http://localhost:3000
20230128	23:17:45	a9b71e1f-1802-4068-ab2d-f24a413a9a82	MongooseServerSelectionError: Could not connect to any servers in your MongoDB Atlas cluster. One common reason is that you're trying to access the database from an IP that isn't whitelisted. Make sure your current IP address is on your Atlas cluster's IP whitelist: https://docs.atlas.mongodb.com/security-whitelist/	GET	/resume	http://localhost:3000
20230128	23:17:58	6fadc69f-7587-4479-86df-6e5c344049ac	MongooseServerSelectionError: Could not connect to any servers in your MongoDB Atlas cluster. One common reason is that you're trying to access the database from an IP that isn't whitelisted. Make sure your current IP address is on your Atlas cluster's IP whitelist: https://docs.atlas.mongodb.com/security-whitelist/	GET	/resume	http://localhost:3000
20230128	23:30:01	e6a6ca46-030b-4479-929a-aafcf5683dd4	MongoNetworkError: connect ETIMEDOUT 20.40.50.191:27017	GET	/resume	http://localhost:3000
20230128	23:30:43	44d4ab31-d18c-4a11-baa7-17f6b1b62531	MongooseServerSelectionError: connect ETIMEDOUT 20.40.50.191:27017	GET	/resume	http://localhost:3000
20230128	23:31:03	2754cebf-51df-4bdc-ba35-ba5b40976a11	MongooseServerSelectionError: getaddrinfo ENOTFOUND ac-b6bxbai-shard-00-02.vr1mmvb.mongodb.net	GET	/resume	http://localhost:3000
20230128	23:31:10	800762ff-c2bf-4b77-9528-a3355542eacb	MongooseServerSelectionError: getaddrinfo ENOTFOUND ac-b6bxbai-shard-00-02.vr1mmvb.mongodb.net	GET	/resume	http://localhost:3000
20230128	23:31:10	9cf7d42e-d8a2-408d-971b-b1a3c2c8a1b6	MongooseServerSelectionError: getaddrinfo ENOTFOUND ac-b6bxbai-shard-00-02.vr1mmvb.mongodb.net	GET	/resume	http://localhost:3000
20230128	23:31:47	fae29209-ee83-4429-b738-4d308e879ec3	MongooseServerSelectionError: Could not connect to any servers in your MongoDB Atlas cluster. One common reason is that you're trying to access the database from an IP that isn't whitelisted. Make sure your current IP address is on your Atlas cluster's IP whitelist: https://docs.atlas.mongodb.com/security-whitelist/	GET	/resume	http://localhost:3000
20230128	23:32:02	aaf80775-a17e-47bc-9c4f-f2ebfe4342eb	MongooseServerSelectionError: Could not connect to any servers in your MongoDB Atlas cluster. One common reason is that you're trying to access the database from an IP that isn't whitelisted. Make sure your current IP address is on your Atlas cluster's IP whitelist: https://docs.atlas.mongodb.com/security-whitelist/	GET	/resume	http://localhost:3000
20230128	23:32:22	7b71e7b5-2118-408e-a9f2-ccc2f7e252c6	MongooseServerSelectionError: Could not connect to any servers in your MongoDB Atlas cluster. One common reason is that you're trying to access the database from an IP that isn't whitelisted. Make sure your current IP address is on your Atlas cluster's IP whitelist: https://docs.atlas.mongodb.com/security-whitelist/	GET	/resume	http://localhost:3000
20230128	23:33:52	0d079324-d5d3-4773-b45b-2c09b9cf724c	MongooseServerSelectionError: connection timed out	GET	/resume	http://localhost:3000
20230128	23:33:52	074e4287-57b5-49b9-8ea8-48899b302138	MongooseServerSelectionError: connection timed out	GET	/resume	http://localhost:3000
20230128	23:34:53	81988f70-e289-4f79-ba7f-4617ef9517bb	MongooseServerSelectionError: getaddrinfo ENOTFOUND ac-b6bxbai-shard-00-02.vr1mmvb.mongodb.net	GET	/resume	http://localhost:3000
20230128	23:35:02	8f19db5f-ecf7-4a42-892f-c21c62867413	MongooseServerSelectionError: getaddrinfo ENOTFOUND ac-b6bxbai-shard-00-02.vr1mmvb.mongodb.net	GET	/resume	http://localhost:3000
20230128	23:36:50	3445d4a3-341b-4caf-b863-dd4beca608a7	MongooseServerSelectionError: Could not connect to any servers in your MongoDB Atlas cluster. One common reason is that you're trying to access the database from an IP that isn't whitelisted. Make sure your current IP address is on your Atlas cluster's IP whitelist: https://docs.atlas.mongodb.com/security-whitelist/	GET	/resume	http://localhost:3000
20230128	23:37:10	7a9c18cf-7c19-456b-a386-8e1b2f4f51f5	MongooseServerSelectionError: Could not connect to any servers in your MongoDB Atlas cluster. One common reason is that you're trying to access the database from an IP that isn't whitelisted. Make sure your current IP address is on your Atlas cluster's IP whitelist: https://docs.atlas.mongodb.com/security-whitelist/	GET	/resume	http://localhost:3000
20230128	23:41:12	a2d0fa42-0edf-445d-ae44-63d385d31b2e	MongoNetworkError: connection 14 to 20.40.50.191:27017 closed	GET	/resume	http://localhost:3000
20230128	23:42:46	10786f31-49cd-4607-a187-3068044d5cc9	MongooseServerSelectionError: Could not connect to any servers in your MongoDB Atlas cluster. One common reason is that you're trying to access the database from an IP that isn't whitelisted. Make sure your current IP address is on your Atlas cluster's IP whitelist: https://docs.atlas.mongodb.com/security-whitelist/	GET	/resume	http://localhost:3000
20230128	23:47:52	d0084389-ab86-4431-8336-dc143c0fae47	MongooseServerSelectionError: Could not connect to any servers in your MongoDB Atlas cluster. One common reason is that you're trying to access the database from an IP that isn't whitelisted. Make sure your current IP address is on your Atlas cluster's IP whitelist: https://docs.atlas.mongodb.com/security-whitelist/	GET	/resume	http://localhost:3000
20230128	23:48:35	2d326fbc-965f-4dd3-885e-b7ba8eba4be4	MongooseServerSelectionError: getaddrinfo ENOTFOUND ac-b6bxbai-shard-00-02.vr1mmvb.mongodb.net	GET	/resume	http://localhost:3000
20230128	23:50:29	43ed2a1d-308c-44ad-b9c9-a7d6f1bc2920	MongooseServerSelectionError: Could not connect to any servers in your MongoDB Atlas cluster. One common reason is that you're trying to access the database from an IP that isn't whitelisted. Make sure your current IP address is on your Atlas cluster's IP whitelist: https://docs.atlas.mongodb.com/security-whitelist/	GET	/resume	http://localhost:3000
20230128	23:50:49	209364e9-5331-4e5e-bc4b-95ba7fe9d340	MongooseServerSelectionError: Could not connect to any servers in your MongoDB Atlas cluster. One common reason is that you're trying to access the database from an IP that isn't whitelisted. Make sure your current IP address is on your Atlas cluster's IP whitelist: https://docs.atlas.mongodb.com/security-whitelist/	GET	/resume	http://localhost:3000
20230128	23:51:04	a1206094-60a2-48eb-abaa-ebd1d42a1217	MongooseServerSelectionError: Could not connect to any servers in your MongoDB Atlas cluster. One common reason is that you're trying to access the database from an IP that isn't whitelisted. Make sure your current IP address is on your Atlas cluster's IP whitelist: https://docs.atlas.mongodb.com/security-whitelist/	GET	/resume	http://localhost:3000
20230128	23:51:24	ac2071f3-4548-44e5-ae60-715df027e401	MongooseServerSelectionError: Could not connect to any servers in your MongoDB Atlas cluster. One common reason is that you're trying to access the database from an IP that isn't whitelisted. Make sure your current IP address is on your Atlas cluster's IP whitelist: https://docs.atlas.mongodb.com/security-whitelist/	GET	/resume	http://localhost:3000
20230128	23:52:40	7e448809-9731-4176-9217-c5f628f53a5c	MongooseServerSelectionError: Could not connect to any servers in your MongoDB Atlas cluster. One common reason is that you're trying to access the database from an IP that isn't whitelisted. Make sure your current IP address is on your Atlas cluster's IP whitelist: https://docs.atlas.mongodb.com/security-whitelist/	GET	/resume	http://localhost:3000
20230128	23:52:40	2f5b303c-5d79-4507-a865-8efc514a401d	MongooseServerSelectionError: Could not connect to any servers in your MongoDB Atlas cluster. One common reason is that you're trying to access the database from an IP that isn't whitelisted. Make sure your current IP address is on your Atlas cluster's IP whitelist: https://docs.atlas.mongodb.com/security-whitelist/	GET	/resume	http://localhost:3000
20230128	23:52:43	5c04381d-acb2-4de9-9d64-8cf88768a0b5	MongooseServerSelectionError: Could not connect to any servers in your MongoDB Atlas cluster. One common reason is that you're trying to access the database from an IP that isn't whitelisted. Make sure your current IP address is on your Atlas cluster's IP whitelist: https://docs.atlas.mongodb.com/security-whitelist/	GET	/resume	http://localhost:3000
20230128	23:52:51	bdf0d474-c14e-4662-ba36-875d00ad63dd	MongooseServerSelectionError: Could not connect to any servers in your MongoDB Atlas cluster. One common reason is that you're trying to access the database from an IP that isn't whitelisted. Make sure your current IP address is on your Atlas cluster's IP whitelist: https://docs.atlas.mongodb.com/security-whitelist/	GET	/resume	http://localhost:3000
20230128	23:53:30	d7603b7e-65da-48f7-99f9-4240fe0f0a34	MongooseServerSelectionError: Could not connect to any servers in your MongoDB Atlas cluster. One common reason is that you're trying to access the database from an IP that isn't whitelisted. Make sure your current IP address is on your Atlas cluster's IP whitelist: https://docs.atlas.mongodb.com/security-whitelist/	GET	/resume	http://localhost:3000
20230128	23:53:50	e907ca52-7d77-408b-abe1-1bd62e0d3cf3	MongooseServerSelectionError: Could not connect to any servers in your MongoDB Atlas cluster. One common reason is that you're trying to access the database from an IP that isn't whitelisted. Make sure your current IP address is on your Atlas cluster's IP whitelist: https://docs.atlas.mongodb.com/security-whitelist/	GET	/resume	http://localhost:3000
20230128	23:54:26	3fd58f7b-58eb-48e3-a153-cb1ffc909d64	MongooseServerSelectionError: Could not connect to any servers in your MongoDB Atlas cluster. One common reason is that you're trying to access the database from an IP that isn't whitelisted. Make sure your current IP address is on your Atlas cluster's IP whitelist: https://docs.atlas.mongodb.com/security-whitelist/	GET	/resume	http://localhost:3000
20230128	23:54:46	0d5f8a66-a917-4acd-9500-c8ad384f6d5f	MongooseServerSelectionError: Could not connect to any servers in your MongoDB Atlas cluster. One common reason is that you're trying to access the database from an IP that isn't whitelisted. Make sure your current IP address is on your Atlas cluster's IP whitelist: https://docs.atlas.mongodb.com/security-whitelist/	GET	/resume	http://localhost:3000
20230128	23:55:04	b884334c-292e-4217-9138-c5ec8052259a	MongooseServerSelectionError: Could not connect to any servers in your MongoDB Atlas cluster. One common reason is that you're trying to access the database from an IP that isn't whitelisted. Make sure your current IP address is on your Atlas cluster's IP whitelist: https://docs.atlas.mongodb.com/security-whitelist/	GET	/resume	http://localhost:3000
20230128	23:55:17	17e5e9f3-8438-40e0-b070-c27471dab97e	MongooseServerSelectionError: Could not connect to any servers in your MongoDB Atlas cluster. One common reason is that you're trying to access the database from an IP that isn't whitelisted. Make sure your current IP address is on your Atlas cluster's IP whitelist: https://docs.atlas.mongodb.com/security-whitelist/	GET	/resume	http://localhost:3000
20230128	23:55:37	a0df8938-6f80-4d2e-92c6-bcf7236f5eed	MongooseServerSelectionError: Could not connect to any servers in your MongoDB Atlas cluster. One common reason is that you're trying to access the database from an IP that isn't whitelisted. Make sure your current IP address is on your Atlas cluster's IP whitelist: https://docs.atlas.mongodb.com/security-whitelist/	GET	/resume	http://localhost:3000
20230128	23:56:15	7b816c33-6a50-472d-95cb-d8d6c15db613	MongooseServerSelectionError: Could not connect to any servers in your MongoDB Atlas cluster. One common reason is that you're trying to access the database from an IP that isn't whitelisted. Make sure your current IP address is on your Atlas cluster's IP whitelist: https://docs.atlas.mongodb.com/security-whitelist/	GET	/resume	http://localhost:3000
20230128	23:56:35	be8c963c-a4a2-4e92-9d3e-e8daddd1370f	MongooseServerSelectionError: Could not connect to any servers in your MongoDB Atlas cluster. One common reason is that you're trying to access the database from an IP that isn't whitelisted. Make sure your current IP address is on your Atlas cluster's IP whitelist: https://docs.atlas.mongodb.com/security-whitelist/	GET	/resume	http://localhost:3000
20230128	23:56:55	c093d22d-77cc-4de7-90e6-1066ce625344	MongooseServerSelectionError: Could not connect to any servers in your MongoDB Atlas cluster. One common reason is that you're trying to access the database from an IP that isn't whitelisted. Make sure your current IP address is on your Atlas cluster's IP whitelist: https://docs.atlas.mongodb.com/security-whitelist/	GET	/resume	http://localhost:3000
20230128	23:56:58	f1f05fb2-ad9b-4eed-a904-f7ead4b5973c	MongooseServerSelectionError: Could not connect to any servers in your MongoDB Atlas cluster. One common reason is that you're trying to access the database from an IP that isn't whitelisted. Make sure your current IP address is on your Atlas cluster's IP whitelist: https://docs.atlas.mongodb.com/security-whitelist/	GET	/resume	http://localhost:3000
20230128	23:57:18	6d817062-ef32-48da-a7ff-694397fce1e4	MongooseServerSelectionError: Could not connect to any servers in your MongoDB Atlas cluster. One common reason is that you're trying to access the database from an IP that isn't whitelisted. Make sure your current IP address is on your Atlas cluster's IP whitelist: https://docs.atlas.mongodb.com/security-whitelist/	GET	/resume	http://localhost:3000
20230128	23:57:28	fd00309d-d7d8-4a01-b07d-973dd5d2b26c	MongooseServerSelectionError: Could not connect to any servers in your MongoDB Atlas cluster. One common reason is that you're trying to access the database from an IP that isn't whitelisted. Make sure your current IP address is on your Atlas cluster's IP whitelist: https://docs.atlas.mongodb.com/security-whitelist/	GET	/resume	http://localhost:3000
20230128	23:57:51	4a243c42-1f4e-454c-bd69-f75dbd02ba97	MongooseServerSelectionError: Could not connect to any servers in your MongoDB Atlas cluster. One common reason is that you're trying to access the database from an IP that isn't whitelisted. Make sure your current IP address is on your Atlas cluster's IP whitelist: https://docs.atlas.mongodb.com/security-whitelist/	GET	/resume	http://localhost:3000
20230128	23:57:51	bced3dba-ad8d-48b0-b7ca-ff3bc4d47475	MongooseServerSelectionError: Could not connect to any servers in your MongoDB Atlas cluster. One common reason is that you're trying to access the database from an IP that isn't whitelisted. Make sure your current IP address is on your Atlas cluster's IP whitelist: https://docs.atlas.mongodb.com/security-whitelist/	GET	/resume	http://localhost:3000
20230128	23:57:58	2ee7fe0f-d4b4-46e1-a18f-b682034232eb	MongooseServerSelectionError: Could not connect to any servers in your MongoDB Atlas cluster. One common reason is that you're trying to access the database from an IP that isn't whitelisted. Make sure your current IP address is on your Atlas cluster's IP whitelist: https://docs.atlas.mongodb.com/security-whitelist/	GET	/resume	http://localhost:3000
20230128	23:57:59	114e794b-263b-4d1e-8c17-4d9e04bc0a97	MongooseServerSelectionError: Could not connect to any servers in your MongoDB Atlas cluster. One common reason is that you're trying to access the database from an IP that isn't whitelisted. Make sure your current IP address is on your Atlas cluster's IP whitelist: https://docs.atlas.mongodb.com/security-whitelist/	GET	/resume	http://localhost:3000
20230128	23:58:19	95681776-5078-4d6f-89b4-f4fd8cd7a997	MongooseServerSelectionError: Could not connect to any servers in your MongoDB Atlas cluster. One common reason is that you're trying to access the database from an IP that isn't whitelisted. Make sure your current IP address is on your Atlas cluster's IP whitelist: https://docs.atlas.mongodb.com/security-whitelist/	GET	/resume	http://localhost:3000
20230208	18:20:00	9c1f1809-672c-4c4a-bccc-20d567c715bb	ValidationError: Resume validation failed: resumess: Path `resumess` is required.	POST	/resume	http://localhost:3000
20230208	18:22:44	476fc5bd-9b6f-4e38-9737-5a5b1a26a3aa	ValidationError: Resume validation failed: resumess: Path `resumess` is required.	POST	/resume	http://localhost:3000
20230208	18:23:18	d889b600-44c5-4442-abd8-b1549e38083b	ValidationError: Resume validation failed: resumess: Path `resumess` is required.	POST	/resume	http://localhost:3000
20230208	18:26:10	bb74cad0-36d3-4c4e-93d0-9c8026fccc5d	ValidationError: Resume validation failed: resumess: Path `resumess` is required.	POST	/resume	http://localhost:3000
20230208	18:26:58	460c555c-0b71-4a63-9df1-ef31c874d581	MongoNetworkError: connection 9 to 20.40.50.191:27017 closed	GET	/resume	http://localhost:3000
20230413	12:57:57	568324ee-40fe-419c-b33d-b0449cbddaf6	TypeError: Cannot read property 'on' of undefined	POST	/run-python-script	undefined
20230413	13:02:54	f0e51a00-923e-43cc-b7d7-e749c59a9577	ReferenceError: child_process is not defined	POST	/run-python-script	undefined
20230413	13:04:29	0129914f-7f37-48c7-b797-660ac3951584	ReferenceError: python is not defined	POST	/run-python-script	undefined
20230413	13:11:45	b8146429-c3a9-42bb-a5f9-0a4f8f096626	Error: Command failed: python script.py D:\AYU\tutorialexcercises\django\mern_stack_course-main\lesson_13-backend\resumepython\my_updated_dataset.csv P,Healthcare Business Analyst,Healthcare Business Analyst,FL Lessard,Junior Healthcare Business Analyst,TX Bolt,TX,Assisted,Business Analysis,Data Science,Healthcare Industry,eCornell,Coursera,SQL Power BI,EDUCATION,M.S. Business Analytics University of Houston,Dallas,TX,B.S. Business Administration University at Buffalo Bualo,NY,Data Visualization Able,eHealthcare Business Analyst,linkedin.com/in/carolinemadden,Miami,MADDEN
Traceback (most recent call last):
  File "D:\AYU\tutorialexcercises\django\mern_stack_course-main\lesson_13-backend\script.py", line 162, in <module>
    print(requirements)
  File "C:\Users\user\AppData\Local\Programs\Python\Python310\lib\encodings\cp1252.py", line 19, in encode
    return codecs.charmap_encode(input,self.errors,encoding_table)[0]
UnicodeEncodeError: 'charmap' codec can't encode character '\ufb00' in position 327: character maps to <undefined>
	POST	/run-python-script	undefined
20230413	13:13:00	a2a14a62-f4b8-4eb2-bb7c-9a7308ded325	Error: Command failed: python script.py D:\AYU\tutorialexcercises\django\mern_stack_course-main\lesson_13-backend\resumepython\my_updated_dataset.csv P,Healthcare Business Analyst,Healthcare Business Analyst,FL Lessard,Junior Healthcare Business Analyst,TX Bolt,TX,Assisted,Business Analysis,Data Science,Healthcare Industry,eCornell,Coursera,SQL Power BI,EDUCATION,M.S. Business Analytics University of Houston,Dallas,TX,B.S. Business Administration University at Buffalo Bualo,NY,Data Visualization Able,eHealthcare Business Analyst,linkedin.com/in/carolinemadden,Miami,MADDEN
Traceback (most recent call last):
  File "D:\AYU\tutorialexcercises\django\mern_stack_course-main\lesson_13-backend\script.py", line 162, in <module>
    print(requirements)
  File "C:\Users\user\AppData\Local\Programs\Python\Python310\lib\encodings\cp1252.py", line 19, in encode
    return codecs.charmap_encode(input,self.errors,encoding_table)[0]
UnicodeEncodeError: 'charmap' codec can't encode character '\ufb00' in position 327: character maps to <undefined>
	POST	/run-python-script	undefined
20230413	14:18:26	c1d203ff-e5d1-40fa-8e8d-71f88e07caf7	TypeError: requirements.join is not a function	POST	/run-python-script	undefined
20230413	14:19:37	d86cef9c-313e-4b0f-81a9-72f144b7c245	Error: Command failed: python script.py D:\AYU\tutorialexcercises\django\mern_stack_course-main\lesson_13-backend\resumepython\my_updated_dataset.csv P,Healthcare_Business_Analyst,Healthcare_Business_Analyst,FL_Lessard,Junior_Healthcare_Business_Analyst,TX_Bolt,TX,Assisted,Business_Analysis,Data_Science,Healthcare_Industry,eCornell,Coursera,SQL_Power_BI,EDUCATION,M.S._Business_Analytics_University_of_Houston,Dallas,TX,B.S._Business_Administration_University_at_Buffalo_Bualo,NY,Data_Visualization_Able,eHealthcare_Business_Analyst,linkedin.com/in/carolinemadden,Miami,MADDEN
Traceback (most recent call last):
  File "D:\AYU\tutorialexcercises\django\mern_stack_course-main\lesson_13-backend\script.py", line 164, in <module>
    print(sys.argv[2])
  File "C:\Users\user\AppData\Local\Programs\Python\Python310\lib\encodings\cp1252.py", line 19, in encode
    return codecs.charmap_encode(input,self.errors,encoding_table)[0]
UnicodeEncodeError: 'charmap' codec can't encode character '\ufb00' in position 325: character maps to <undefined>
	POST	/run-python-script	undefined
20230413	14:24:11	85af0ec0-c164-48d5-87d1-b895d700f392	Error: Command failed: python script.py D:\AYU\tutorialexcercises\django\mern_stack_course-main\lesson_13-backend\resumepython\my_updated_dataset.csv P,Healthcare_Business_Analyst,Healthcare_Business_Analyst,FL_Lessard,Junior_Healthcare_Business_Analyst,TX_Bolt,TX,Assisted,Business_Analysis,Data_Science,Healthcare_Industry,eCornell,Coursera,SQL_Power_BI,EDUCATION,M.S._Business_Analytics_University_of_Houston,Dallas,TX,B.S._Business_Administration_University_at_Buffalo_Bualo,NY,Data_Visualization_Able,eHealthcare_Business_Analyst,linkedin.com/in/carolinemadden,Miami,MADDEN
Traceback (most recent call last):
  File "D:\AYU\tutorialexcercises\django\mern_stack_course-main\lesson_13-backend\script.py", line 163, in <module>
    print(requirements)
  File "C:\Users\user\AppData\Local\Programs\Python\Python310\lib\encodings\cp1252.py", line 19, in encode
    return codecs.charmap_encode(input,self.errors,encoding_table)[0]
UnicodeEncodeError: 'charmap' codec can't encode character '\ufb00' in position 402: character maps to <undefined>
	POST	/run-python-script	undefined
20230413	14:26:00	5dc1570b-235a-4e6d-8b7d-f0c734d74f63	Error: Command failed: python script.py D:\AYU\tutorialexcercises\django\mern_stack_course-main\lesson_13-backend\resumepython\my_updated_dataset.csv P,Healthcare_Business_Analyst,Healthcare_Business_Analyst,FL_Lessard,Junior_Healthcare_Business_Analyst,TX_Bolt,TX,Assisted,Business_Analysis,Data_Science,Healthcare_Industry,eCornell,Coursera,SQL_Power_BI,EDUCATION,M.S._Business_Analytics_University_of_Houston,Dallas,TX,B.S._Business_Administration_University_at_Buffalo_Bualo,NY,Data_Visualization_Able,eHealthcare_Business_Analyst,linkedin.com/in/carolinemadden,Miami,MADDEN
Traceback (most recent call last):
  File "D:\AYU\tutorialexcercises\django\mern_stack_course-main\lesson_13-backend\script.py", line 165, in <module>
    print(requirements)
  File "C:\Users\user\AppData\Local\Programs\Python\Python310\lib\encodings\cp1252.py", line 19, in encode
    return codecs.charmap_encode(input,self.errors,encoding_table)[0]
UnicodeEncodeError: 'charmap' codec can't encode character '\ufb00' in position 325: character maps to <undefined>
	POST	/run-python-script	undefined
20230413	14:28:56	f147d30a-9131-4703-bee7-71d52e6aeb07	Error: Command failed: python script.py D:\AYU\tutorialexcercises\django\mern_stack_course-main\lesson_13-backend\resumepython\my_updated_dataset.csv P,Healthcare_Business_Analyst,Healthcare_Business_Analyst,FL_Lessard,Junior_Healthcare_Business_Analyst,TX_Bolt,TX,Assisted,Business_Analysis,Data_Science,Healthcare_Industry,eCornell,Coursera,SQL_Power_BI,EDUCATION,M.S._Business_Analytics_University_of_Houston,Dallas,TX,B.S._Business_Administration_University_at_Buffalo_Bualo,NY,Data_Visualization_Able,eHealthcare_Business_Analyst,linkedin.com/in/carolinemadden,Miami,MADDEN
Traceback (most recent call last):
  File "D:\AYU\tutorialexcercises\django\mern_stack_course-main\lesson_13-backend\script.py", line 165, in <module>
    print(requirements_string)
  File "C:\Users\user\AppData\Local\Programs\Python\Python310\lib\encodings\cp1252.py", line 19, in encode
    return codecs.charmap_encode(input,self.errors,encoding_table)[0]
UnicodeEncodeError: 'charmap' codec can't encode character '\ufb00' in position 343: character maps to <undefined>
	POST	/run-python-script	undefined
20230413	14:36:03	59216971-9372-4c7e-89c8-a96078ca787d	Error: Command failed: python script.py D:\AYU\tutorialexcercises\django\mern_stack_course-main\lesson_13-backend\resumepython\my_updated_dataset.csv P,Healthcare_Business_Analyst,Healthcare_Business_Analyst,FL_Lessard,Junior_Healthcare_Business_Analyst,TX_Bolt,TX,Assisted,Business_Analysis,Data_Science,Healthcare_Industry,eCornell,Coursera,SQL_Power_BI,EDUCATION,M.S._Business_Analytics_University_of_Houston,Dallas,TX,B.S._Business_Administration_University_at_Buffalo_Bualo,NY,Data_Visualization_Able,eHealthcare_Business_Analyst,linkedin.com/in/carolinemadden,Miami,MADDEN
Traceback (most recent call last):
  File "D:\AYU\tutorialexcercises\django\mern_stack_course-main\lesson_13-backend\script.py", line 167, in <module>
    print(requirements_string)
  File "C:\Users\user\AppData\Local\Programs\Python\Python310\lib\encodings\cp1252.py", line 19, in encode
    return codecs.charmap_encode(input,self.errors,encoding_table)[0]
UnicodeEncodeError: 'charmap' codec can't encode character '\ufb00' in position 343: character maps to <undefined>
	POST	/run-python-script	undefined
20230413	18:59:01	d0fd2cb7-3712-4d40-9e90-7b479c3401ed	TypeError: Cannot read property 'deleteOne' of null	DELETE	/resume	http://localhost:3000
20230413	18:59:02	e7f6cfee-5054-4877-baa6-6a5d9447f5c0	TypeError: Cannot read property 'deleteOne' of null	DELETE	/resume	http://localhost:3000
20230413	18:59:02	1bf0e921-a04a-4825-afc3-faac40d09725	TypeError: Cannot read property 'deleteOne' of null	DELETE	/resume	http://localhost:3000
20230413	18:59:02	f2378eb0-1eb6-4ad4-92e0-bb5d36497403	TypeError: Cannot read property 'deleteOne' of null	DELETE	/resume	http://localhost:3000
20230413	18:59:03	6ab1b29f-e719-4602-a2e1-907f26664488	TypeError: Cannot read property 'deleteOne' of null	DELETE	/resume	http://localhost:3000
20230413	21:05:57	1ef47477-2b89-4a5f-93d1-1633b6e4af76	ValidationError: Vacancies validation failed: jobtitle: Path `jobtitle` is required., description: Path `description` is required.	POST	/jobopenings	undefined
20230413	21:44:36	f4e6fa04-deed-4427-b2df-31142c8ebc08	ValidationError: Vacancies validation failed: jobtitle: Path `jobtitle` is required., description: Path `description` is required.	POST	/jobopenings?jobtitle=%22DASDAS%22	undefined
20230414	00:04:52	cc2077c9-2364-49f7-a268-3a35117a4427	TypeError: Assignment to constant variable.	POST	/run-python-script	http://localhost:3000
20230414	00:05:25	3b78dc5b-02c6-43d4-be9b-209250394aa5	TypeError: Assignment to constant variable.	POST	/run-python-script	http://localhost:3000
20230414	00:06:21	f9265f95-5b25-4f2b-a852-f7b3a8f2c9a6	TypeError: Assignment to constant variable.	POST	/run-python-script	http://localhost:3000
20230414	00:08:02	d741bb4d-f619-42a3-9e78-a5ed4a9c1c37	TypeError: Assignment to constant variable.	POST	/run-python-script	http://localhost:3000
20230414	00:11:56	61b4dfca-1ca6-4fda-abb5-e97f57fa83f8	TypeError: Assignment to constant variable.	POST	/run-python-script	http://localhost:3000
20230414	00:12:31	b4640212-b3d7-40a3-99df-8cdfd67a7d5d	TypeError: Assignment to constant variable.	POST	/run-python-script	http://localhost:3000
20230414	00:13:09	b0824de8-76ce-4634-9f91-91681e144436	Error: Command failed: python script.py D:\AYU\tutorialexcercises\django\mern_stack_course-main\lesson_13-backend\resumepython\RESUMESPDF\AdamLechockiResume.pdf P,Healthcare_Business_Analyst,Healthcare_Business_Analyst,FL_Lessard,Junior_Healthcare_Business_Analyst,TX_Bolt,TX,Assisted,Business_Analysis,Data_Science,Healthcare_Industry,eCornell,Coursera,SQL_Power_BI,EDUCATION,M.S._Business_Analytics_University_of_Houston,Dallas,TX,B.S._Business_Administration_University_at_Buffalo_Bualo,NY,Data_Visualization_Able,eHealthcare_Business_Analyst,linkedin.com/in/carolinemadden,Miami,MADDEN
Traceback (most recent call last):
  File "D:\AYU\tutorialexcercises\django\mern_stack_course-main\lesson_13-backend\script.py", line 166, in <module>
    response = requests.get(url)
  File "C:\Users\user\AppData\Local\Programs\Python\Python310\lib\site-packages\requests\api.py", line 73, in get
    return request("get", url, params=params, **kwargs)
  File "C:\Users\user\AppData\Local\Programs\Python\Python310\lib\site-packages\requests\api.py", line 59, in request
    return session.request(method=method, url=url, **kwargs)
  File "C:\Users\user\AppData\Local\Programs\Python\Python310\lib\site-packages\requests\sessions.py", line 587, in request
    resp = self.send(prep, **send_kwargs)
  File "C:\Users\user\AppData\Local\Programs\Python\Python310\lib\site-packages\requests\sessions.py", line 695, in send
    adapter = self.get_adapter(url=request.url)
  File "C:\Users\user\AppData\Local\Programs\Python\Python310\lib\site-packages\requests\sessions.py", line 792, in get_adapter
    raise InvalidSchema(f"No connection adapters were found for {url!r}")
requests.exceptions.InvalidSchema: No connection adapters were found for 'D:\\AYU\\tutorialexcercises\\django\\mern_stack_course-main\\lesson_13-backend\\resumepython\\RESUMESPDF\\AdamLechockiResume.pdf'
	POST	/run-python-script	http://localhost:3000
20230414	00:14:22	889eb54a-e6df-4d7a-a299-4ee5e374d332	Error: Command failed: python script.py https://firebasestorage.googleapis.com/v0/b/hrms-itp-sliit-y2s2-2023-feb.appspot.com/o/resumes%2FLab%20assignment_Decision_trees.pdf7f1ac074-9e75-4010-8ec5-b6f81681c7a3?alt=media&token=8bd68387-2b74-4250-8ab3-7ef94b9899f4 salines_sdadad_d_ad_as_das_das_ddsadas
Traceback (most recent call last):
  File "D:\AYU\tutorialexcercises\django\mern_stack_course-main\lesson_13-backend\script.py", line 162, in <module>
    requirements = sys.argv[2]
IndexError: list index out of range
'token' is not recognized as an internal or external command,
operable program or batch file.
	POST	/run-python-script	http://localhost:3000
20230414	00:16:15	db112623-c0fe-4f9c-bd25-49c6efd9752f	Error: Command failed: python script.py https://firebasestorage.googleapis.com/v0/b/hrms-itp-sliit-y2s2-2023-feb.appspot.com/o/resumes%2FLab%20assignment_Decision_trees.pdf832271bc-9d56-4916-96db-9c44e5cb4524?alt=media&token=0da02559-00af-42cf-9bf9-505f958755c7 salines_sdadad_d_ad_as_das_das_ddsadas
Traceback (most recent call last):
  File "D:\AYU\tutorialexcercises\django\mern_stack_course-main\lesson_13-backend\script.py", line 162, in <module>
    requirements = sys.argv[2]
IndexError: list index out of range
'token' is not recognized as an internal or external command,
operable program or batch file.
	POST	/run-python-script	http://localhost:3000
20230414	00:22:27	41a9bfc8-6a76-4477-abc5-a72cfaff34fd	ReferenceError: last_line is not defined	POST	/run-python-script	http://localhost:3000
20230414	00:22:49	acaa2457-94a7-44a1-9acc-7a2724223237	ReferenceError: last_line is not defined	POST	/run-python-script	http://localhost:3000
20230414	14:04:26	33f2b091-77b4-4baa-8983-8d4af19fc2d7	ValidationError: Resume validation failed: fullname: Path `fullname` is required., resumess: Path `resumess` is required., match: Path `match` is required.	POST	/resume	undefined
20230414	14:12:58	3fb57036-ee6e-4d74-8f3e-035c80f29abd	ValidationError: Resume validation failed: match: Cast to Boolean failed for value "No" (type string) at path "match" because of "CastError"	POST	/resume	http://localhost:3000
20230414	14:14:26	0fb95506-f5b3-4a1b-bcc5-99ebbb3d2bb0	ValidationError: Resume validation failed: match: Cast to Boolean failed for value "No" (type string) at path "match" because of "CastError"	POST	/resume	http://localhost:3000
